<?xml version="1.0" encoding="UTF-8"?>
<!-- Generated by org.testng.reporters.JUnitXMLReporter -->
<testsuite ignored="0" hostname="LTIN305602" failures="0" tests="4" name="Test" time="6.023" errors="0" timestamp="2024-08-09T18:15:52 IST">
  <testcase classname="day8.CreateUser" name="testCreateUser" time="3.981"/>
  <testcase classname="day8.GetUser" name="testCreateUser" time="0.668"/>
  <testcase classname="day8.UpdateUser" name="testUpdateUser" time="0.684"/>
  <testcase classname="day8.DeleteUser" name="testDeleteUser" time="0.622"/>
</testsuite> <!-- Test -->
