<?xml version="1.0" encoding="UTF-8"?>
<testng-results ignored="0" total="4" passed="4" failed="0" skipped="0">
  <reporter-output>
  </reporter-output>
  <suite started-at="2024-08-09T18:15:46 IST" name="Suite" finished-at="2024-08-09T18:15:52 IST" duration-ms="6023">
    <groups>
    </groups>
    <test started-at="2024-08-09T18:15:46 IST" name="Test" finished-at="2024-08-09T18:15:52 IST" duration-ms="6023">
      <class name="day8.UpdateUser">
        <test-method signature="testUpdateUser(org.testng.ITestContext)[pri:0, instance:day8.UpdateUser@4de4b452]" started-at="2024-08-09T18:15:50 IST" name="testUpdateUser" finished-at="2024-08-09T18:15:51 IST" duration-ms="684" status="PASS">
          <params>
            <param index="0">
              <value>
                <![CDATA[org.testng.TestRunner@53fb3dab]]>
              </value>
            </param>
          </params>
          <reporter-output>
          </reporter-output>
        </test-method> <!-- testUpdateUser -->
      </class> <!-- day8.UpdateUser -->
      <class name="day8.CreateUser">
        <test-method signature="testCreateUser(org.testng.ITestContext)[pri:0, instance:day8.CreateUser@a2431d0]" started-at="2024-08-09T18:15:46 IST" name="testCreateUser" finished-at="2024-08-09T18:15:50 IST" duration-ms="3981" status="PASS">
          <params>
            <param index="0">
              <value>
                <![CDATA[org.testng.TestRunner@53fb3dab]]>
              </value>
            </param>
          </params>
          <reporter-output>
          </reporter-output>
        </test-method> <!-- testCreateUser -->
      </class> <!-- day8.CreateUser -->
      <class name="day8.DeleteUser">
        <test-method signature="testDeleteUser(org.testng.ITestContext)[pri:0, instance:day8.DeleteUser@50b5ac82]" started-at="2024-08-09T18:15:51 IST" name="testDeleteUser" finished-at="2024-08-09T18:15:52 IST" duration-ms="622" status="PASS">
          <params>
            <param index="0">
              <value>
                <![CDATA[org.testng.TestRunner@53fb3dab]]>
              </value>
            </param>
          </params>
          <reporter-output>
          </reporter-output>
        </test-method> <!-- testDeleteUser -->
      </class> <!-- day8.DeleteUser -->
      <class name="day8.GetUser">
        <test-method signature="testCreateUser(org.testng.ITestContext)[pri:0, instance:day8.GetUser@33990a0c]" started-at="2024-08-09T18:15:50 IST" name="testCreateUser" finished-at="2024-08-09T18:15:50 IST" duration-ms="668" status="PASS">
          <params>
            <param index="0">
              <value>
                <![CDATA[org.testng.TestRunner@53fb3dab]]>
              </value>
            </param>
          </params>
          <reporter-output>
          </reporter-output>
        </test-method> <!-- testCreateUser -->
      </class> <!-- day8.GetUser -->
    </test> <!-- Test -->
  </suite> <!-- Suite -->
</testng-results>
